2025-03-29 23:35:53,165 - INFO - The chuncks are upserted to Pinecone along with its metadata. The statistics are: {'dimension': 384,
 'index_fullness': 0.0,
 'namespaces': {'2024': {'vector_count': 292}, '2025': {'vector_count': 341}},
 'total_vector_count': 633}
2025-03-29 23:40:21,807 - INFO - The chuncks are upserted to Pinecone along with its metadata. The statistics are: {'dimension': 384,
 'index_fullness': 0.0,
 'namespaces': {'2024': {'vector_count': 292},
                '2025': {'vector_count': 341},
                'mid-year-update-july-2024': {'vector_count': 76}},
 'total_vector_count': 709}
2025-03-29 23:44:22,595 - INFO - The chuncks are upserted to Pinecone along with its metadata. The statistics are: {'dimension': 384,
 'index_fullness': 0.0,
 'namespaces': {'2024': {'vector_count': 292},
                '2025': {'vector_count': 341},
                'market-report-update-2023': {'vector_count': 59},
                'mid-year-update-july-2024': {'vector_count': 76}},
 'total_vector_count': 768}
2025-03-29 23:53:45,613 - INFO - The chuncks are upserted to Pinecone along with its metadata. The statistics are: {'dimension': 384,
 'index_fullness': 0.0,
 'namespaces': {'2024': {'vector_count': 292},
                '2025': {'vector_count': 341},
                'market-report-2023': {'vector_count': 167},
                'market-report-update-2023': {'vector_count': 59},
                'mid-year-update-july-2024': {'vector_count': 76}},
 'total_vector_count': 935}
2025-03-29 23:58:54,237 - INFO - The chuncks are upserted to Pinecone along with its metadata. The statistics are: {'dimension': 384,
 'index_fullness': 0.0,
 'namespaces': {'2024': {'vector_count': 292},
                '2025': {'vector_count': 341},
                'market-report-2023': {'vector_count': 167},
                'market-report-july-2022': {'vector_count': 69},
                'market-report-update-2023': {'vector_count': 59},
                'mid-year-update-july-2024': {'vector_count': 76}},
 'total_vector_count': 1004}
2025-03-30 00:07:24,269 - INFO - The chuncks are upserted to Pinecone along with its metadata. The statistics are: {'dimension': 384,
 'index_fullness': 0.0,
 'namespaces': {'2024': {'vector_count': 292},
                '2025': {'vector_count': 341},
                'market-report-2023': {'vector_count': 167},
                'market-report-january-2022': {'vector_count': 134},
                'market-report-july-2022': {'vector_count': 69},
                'market-report-update-2023': {'vector_count': 59},
                'mid-year-update-july-2024': {'vector_count': 76}},
 'total_vector_count': 1138}
2025-03-30 00:07:33,009 - ERROR - Error in markdwown conversion of file: the JSON object must be str, bytes or bytearray, not NoneType
2025-03-30 00:07:33,009 - INFO - The chuncks are upserted to Pinecone along with its metadata. The statistics are: None
2025-03-30 00:14:23,816 - INFO - The chuncks are upserted to Pinecone along with its metadata. The statistics are: {'dimension': 384,
 'index_fullness': 0.0,
 'namespaces': {'2024': {'vector_count': 292},
                '2025': {'vector_count': 341},
                'market-report-2023': {'vector_count': 167},
                'market-report-december-2020': {'vector_count': 124},
                'market-report-january-2022': {'vector_count': 134},
                'market-report-july-2022': {'vector_count': 69},
                'market-report-update-2023': {'vector_count': 59},
                'mid-year-update-july-2024': {'vector_count': 76}},
 'total_vector_count': 1262}
2025-03-30 00:26:39,655 - INFO - The chuncks are upserted to Pinecone along with its metadata. The statistics are: {'dimension': 384,
 'index_fullness': 0.0,
 'namespaces': {'2024': {'vector_count': 292},
                '2025': {'vector_count': 341},
                'market-report-2023': {'vector_count': 167},
                'market-report-december-2020': {'vector_count': 124},
                'market-report-january-2022': {'vector_count': 134},
                'market-report-july-2022': {'vector_count': 69},
                'market-report-update-2023': {'vector_count': 59},
                'mid-year-update-july-2024': {'vector_count': 76}},
 'total_vector_count': 1262}
